<?xml version="1.0" encoding="UTF-8"?>
<testsuite xmlns:xsi="http://www.w3.org/2001/XMLSchema-instance" xsi:noNamespaceSchemaLocation="https://maven.apache.org/surefire/maven-surefire-plugin/xsd/surefire-test-report-3.0.xsd" version="3.0" name="com.jaylan.Springboot01QuickstartApplicationTests" time="2.786" tests="1" errors="0" skipped="0" failures="0">
  <properties>
    <property name="java.specification.version" value="17"/>
    <property name="sun.cpu.isalist" value="amd64"/>
    <property name="sun.jnu.encoding" value="GBK"/>
    <property name="java.class.path" value="F:\MyCoding\Spring\springboot_01_quickstart\target\test-classes;F:\MyCoding\Spring\springboot_01_quickstart\target\classes;E:\DevEnv\Maven_3.9.3\mvn-reg\org\springframework\boot\spring-boot-starter-web\3.1.5\spring-boot-starter-web-3.1.5.jar;E:\DevEnv\Maven_3.9.3\mvn-reg\org\springframework\boot\spring-boot-starter\3.1.5\spring-boot-starter-3.1.5.jar;E:\DevEnv\Maven_3.9.3\mvn-reg\org\springframework\boot\spring-boot\3.1.5\spring-boot-3.1.5.jar;E:\DevEnv\Maven_3.9.3\mvn-reg\org\springframework\boot\spring-boot-autoconfigure\3.1.5\spring-boot-autoconfigure-3.1.5.jar;E:\DevEnv\Maven_3.9.3\mvn-reg\org\springframework\boot\spring-boot-starter-logging\3.1.5\spring-boot-starter-logging-3.1.5.jar;E:\DevEnv\Maven_3.9.3\mvn-reg\ch\qos\logback\logback-classic\1.4.11\logback-classic-1.4.11.jar;E:\DevEnv\Maven_3.9.3\mvn-reg\ch\qos\logback\logback-core\1.4.11\logback-core-1.4.11.jar;E:\DevEnv\Maven_3.9.3\mvn-reg\org\apache\logging\log4j\log4j-to-slf4j\2.20.0\log4j-to-slf4j-2.20.0.jar;E:\DevEnv\Maven_3.9.3\mvn-reg\org\apache\logging\log4j\log4j-api\2.20.0\log4j-api-2.20.0.jar;E:\DevEnv\Maven_3.9.3\mvn-reg\org\slf4j\jul-to-slf4j\2.0.9\jul-to-slf4j-2.0.9.jar;E:\DevEnv\Maven_3.9.3\mvn-reg\jakarta\annotation\jakarta.annotation-api\2.1.1\jakarta.annotation-api-2.1.1.jar;E:\DevEnv\Maven_3.9.3\mvn-reg\org\yaml\snakeyaml\1.33\snakeyaml-1.33.jar;E:\DevEnv\Maven_3.9.3\mvn-reg\org\springframework\boot\spring-boot-starter-json\3.1.5\spring-boot-starter-json-3.1.5.jar;E:\DevEnv\Maven_3.9.3\mvn-reg\com\fasterxml\jackson\core\jackson-databind\2.15.3\jackson-databind-2.15.3.jar;E:\DevEnv\Maven_3.9.3\mvn-reg\com\fasterxml\jackson\core\jackson-annotations\2.15.3\jackson-annotations-2.15.3.jar;E:\DevEnv\Maven_3.9.3\mvn-reg\com\fasterxml\jackson\core\jackson-core\2.15.3\jackson-core-2.15.3.jar;E:\DevEnv\Maven_3.9.3\mvn-reg\com\fasterxml\jackson\datatype\jackson-datatype-jdk8\2.15.3\jackson-datatype-jdk8-2.15.3.jar;E:\DevEnv\Maven_3.9.3\mvn-reg\com\fasterxml\jackson\datatype\jackson-datatype-jsr310\2.15.3\jackson-datatype-jsr310-2.15.3.jar;E:\DevEnv\Maven_3.9.3\mvn-reg\com\fasterxml\jackson\module\jackson-module-parameter-names\2.15.3\jackson-module-parameter-names-2.15.3.jar;E:\DevEnv\Maven_3.9.3\mvn-reg\org\springframework\boot\spring-boot-starter-tomcat\3.1.5\spring-boot-starter-tomcat-3.1.5.jar;E:\DevEnv\Maven_3.9.3\mvn-reg\org\apache\tomcat\embed\tomcat-embed-core\10.1.15\tomcat-embed-core-10.1.15.jar;E:\DevEnv\Maven_3.9.3\mvn-reg\org\apache\tomcat\embed\tomcat-embed-el\10.1.15\tomcat-embed-el-10.1.15.jar;E:\DevEnv\Maven_3.9.3\mvn-reg\org\apache\tomcat\embed\tomcat-embed-websocket\10.1.15\tomcat-embed-websocket-10.1.15.jar;E:\DevEnv\Maven_3.9.3\mvn-reg\org\springframework\spring-web\6.0.13\spring-web-6.0.13.jar;E:\DevEnv\Maven_3.9.3\mvn-reg\org\springframework\spring-beans\6.0.13\spring-beans-6.0.13.jar;E:\DevEnv\Maven_3.9.3\mvn-reg\io\micrometer\micrometer-observation\1.11.5\micrometer-observation-1.11.5.jar;E:\DevEnv\Maven_3.9.3\mvn-reg\io\micrometer\micrometer-commons\1.11.5\micrometer-commons-1.11.5.jar;E:\DevEnv\Maven_3.9.3\mvn-reg\org\springframework\spring-webmvc\6.0.13\spring-webmvc-6.0.13.jar;E:\DevEnv\Maven_3.9.3\mvn-reg\org\springframework\spring-aop\6.0.13\spring-aop-6.0.13.jar;E:\DevEnv\Maven_3.9.3\mvn-reg\org\springframework\spring-context\6.0.13\spring-context-6.0.13.jar;E:\DevEnv\Maven_3.9.3\mvn-reg\org\springframework\spring-expression\6.0.13\spring-expression-6.0.13.jar;E:\DevEnv\Maven_3.9.3\mvn-reg\org\springframework\boot\spring-boot-starter-test\3.1.5\spring-boot-starter-test-3.1.5.jar;E:\DevEnv\Maven_3.9.3\mvn-reg\org\springframework\boot\spring-boot-test\3.1.5\spring-boot-test-3.1.5.jar;E:\DevEnv\Maven_3.9.3\mvn-reg\org\springframework\boot\spring-boot-test-autoconfigure\3.1.5\spring-boot-test-autoconfigure-3.1.5.jar;E:\DevEnv\Maven_3.9.3\mvn-reg\com\jayway\jsonpath\json-path\2.8.0\json-path-2.8.0.jar;E:\DevEnv\Maven_3.9.3\mvn-reg\org\slf4j\slf4j-api\2.0.9\slf4j-api-2.0.9.jar;E:\DevEnv\Maven_3.9.3\mvn-reg\jakarta\xml\bind\jakarta.xml.bind-api\4.0.1\jakarta.xml.bind-api-4.0.1.jar;E:\DevEnv\Maven_3.9.3\mvn-reg\jakarta\activation\jakarta.activation-api\2.1.2\jakarta.activation-api-2.1.2.jar;E:\DevEnv\Maven_3.9.3\mvn-reg\net\minidev\json-smart\2.4.11\json-smart-2.4.11.jar;E:\DevEnv\Maven_3.9.3\mvn-reg\net\minidev\accessors-smart\2.4.11\accessors-smart-2.4.11.jar;E:\DevEnv\Maven_3.9.3\mvn-reg\org\ow2\asm\asm\9.3\asm-9.3.jar;E:\DevEnv\Maven_3.9.3\mvn-reg\org\assertj\assertj-core\3.24.2\assertj-core-3.24.2.jar;E:\DevEnv\Maven_3.9.3\mvn-reg\net\bytebuddy\byte-buddy\1.14.9\byte-buddy-1.14.9.jar;E:\DevEnv\Maven_3.9.3\mvn-reg\org\hamcrest\hamcrest\2.2\hamcrest-2.2.jar;E:\DevEnv\Maven_3.9.3\mvn-reg\org\junit\jupiter\junit-jupiter\5.9.3\junit-jupiter-5.9.3.jar;E:\DevEnv\Maven_3.9.3\mvn-reg\org\junit\jupiter\junit-jupiter-api\5.9.3\junit-jupiter-api-5.9.3.jar;E:\DevEnv\Maven_3.9.3\mvn-reg\org\opentest4j\opentest4j\1.2.0\opentest4j-1.2.0.jar;E:\DevEnv\Maven_3.9.3\mvn-reg\org\junit\platform\junit-platform-commons\1.9.3\junit-platform-commons-1.9.3.jar;E:\DevEnv\Maven_3.9.3\mvn-reg\org\apiguardian\apiguardian-api\1.1.2\apiguardian-api-1.1.2.jar;E:\DevEnv\Maven_3.9.3\mvn-reg\org\junit\jupiter\junit-jupiter-params\5.9.3\junit-jupiter-params-5.9.3.jar;E:\DevEnv\Maven_3.9.3\mvn-reg\org\junit\jupiter\junit-jupiter-engine\5.9.3\junit-jupiter-engine-5.9.3.jar;E:\DevEnv\Maven_3.9.3\mvn-reg\org\junit\platform\junit-platform-engine\1.9.3\junit-platform-engine-1.9.3.jar;E:\DevEnv\Maven_3.9.3\mvn-reg\org\mockito\mockito-core\5.3.1\mockito-core-5.3.1.jar;E:\DevEnv\Maven_3.9.3\mvn-reg\net\bytebuddy\byte-buddy-agent\1.14.9\byte-buddy-agent-1.14.9.jar;E:\DevEnv\Maven_3.9.3\mvn-reg\org\objenesis\objenesis\3.3\objenesis-3.3.jar;E:\DevEnv\Maven_3.9.3\mvn-reg\org\mockito\mockito-junit-jupiter\5.3.1\mockito-junit-jupiter-5.3.1.jar;E:\DevEnv\Maven_3.9.3\mvn-reg\org\skyscreamer\jsonassert\1.5.1\jsonassert-1.5.1.jar;E:\DevEnv\Maven_3.9.3\mvn-reg\com\vaadin\external\google\android-json\0.0.20131108.vaadin1\android-json-0.0.20131108.vaadin1.jar;E:\DevEnv\Maven_3.9.3\mvn-reg\org\springframework\spring-core\6.0.13\spring-core-6.0.13.jar;E:\DevEnv\Maven_3.9.3\mvn-reg\org\springframework\spring-jcl\6.0.13\spring-jcl-6.0.13.jar;E:\DevEnv\Maven_3.9.3\mvn-reg\org\springframework\spring-test\6.0.13\spring-test-6.0.13.jar;E:\DevEnv\Maven_3.9.3\mvn-reg\org\xmlunit\xmlunit-core\2.9.1\xmlunit-core-2.9.1.jar;"/>
    <property name="java.vm.vendor" value="Oracle Corporation"/>
    <property name="sun.arch.data.model" value="64"/>
    <property name="user.variant" value=""/>
    <property name="java.vendor.url" value="https://java.oracle.com/"/>
    <property name="user.timezone" value="Asia/Shanghai"/>
    <property name="os.name" value="Windows 10"/>
    <property name="java.vm.specification.version" value="17"/>
    <property name="sun.java.launcher" value="SUN_STANDARD"/>
    <property name="user.country" value="CN"/>
    <property name="sun.boot.library.path" value="E:\DevEnv\java\jdk-17.0.8\bin"/>
    <property name="sun.java.command" value="C:\Users\Jaylan\AppData\Local\Temp\surefire9560747958089430044\surefirebooter-20231122171605598_3.jar C:\Users\Jaylan\AppData\Local\Temp\surefire9560747958089430044 2023-11-22T17-16-00_837-jvmRun1 surefire-20231122171605598_1tmp surefire_0-20231122171605598_2tmp"/>
    <property name="jdk.debug" value="release"/>
    <property name="surefire.test.class.path" value="F:\MyCoding\Spring\springboot_01_quickstart\target\test-classes;F:\MyCoding\Spring\springboot_01_quickstart\target\classes;E:\DevEnv\Maven_3.9.3\mvn-reg\org\springframework\boot\spring-boot-starter-web\3.1.5\spring-boot-starter-web-3.1.5.jar;E:\DevEnv\Maven_3.9.3\mvn-reg\org\springframework\boot\spring-boot-starter\3.1.5\spring-boot-starter-3.1.5.jar;E:\DevEnv\Maven_3.9.3\mvn-reg\org\springframework\boot\spring-boot\3.1.5\spring-boot-3.1.5.jar;E:\DevEnv\Maven_3.9.3\mvn-reg\org\springframework\boot\spring-boot-autoconfigure\3.1.5\spring-boot-autoconfigure-3.1.5.jar;E:\DevEnv\Maven_3.9.3\mvn-reg\org\springframework\boot\spring-boot-starter-logging\3.1.5\spring-boot-starter-logging-3.1.5.jar;E:\DevEnv\Maven_3.9.3\mvn-reg\ch\qos\logback\logback-classic\1.4.11\logback-classic-1.4.11.jar;E:\DevEnv\Maven_3.9.3\mvn-reg\ch\qos\logback\logback-core\1.4.11\logback-core-1.4.11.jar;E:\DevEnv\Maven_3.9.3\mvn-reg\org\apache\logging\log4j\log4j-to-slf4j\2.20.0\log4j-to-slf4j-2.20.0.jar;E:\DevEnv\Maven_3.9.3\mvn-reg\org\apache\logging\log4j\log4j-api\2.20.0\log4j-api-2.20.0.jar;E:\DevEnv\Maven_3.9.3\mvn-reg\org\slf4j\jul-to-slf4j\2.0.9\jul-to-slf4j-2.0.9.jar;E:\DevEnv\Maven_3.9.3\mvn-reg\jakarta\annotation\jakarta.annotation-api\2.1.1\jakarta.annotation-api-2.1.1.jar;E:\DevEnv\Maven_3.9.3\mvn-reg\org\yaml\snakeyaml\1.33\snakeyaml-1.33.jar;E:\DevEnv\Maven_3.9.3\mvn-reg\org\springframework\boot\spring-boot-starter-json\3.1.5\spring-boot-starter-json-3.1.5.jar;E:\DevEnv\Maven_3.9.3\mvn-reg\com\fasterxml\jackson\core\jackson-databind\2.15.3\jackson-databind-2.15.3.jar;E:\DevEnv\Maven_3.9.3\mvn-reg\com\fasterxml\jackson\core\jackson-annotations\2.15.3\jackson-annotations-2.15.3.jar;E:\DevEnv\Maven_3.9.3\mvn-reg\com\fasterxml\jackson\core\jackson-core\2.15.3\jackson-core-2.15.3.jar;E:\DevEnv\Maven_3.9.3\mvn-reg\com\fasterxml\jackson\datatype\jackson-datatype-jdk8\2.15.3\jackson-datatype-jdk8-2.15.3.jar;E:\DevEnv\Maven_3.9.3\mvn-reg\com\fasterxml\jackson\datatype\jackson-datatype-jsr310\2.15.3\jackson-datatype-jsr310-2.15.3.jar;E:\DevEnv\Maven_3.9.3\mvn-reg\com\fasterxml\jackson\module\jackson-module-parameter-names\2.15.3\jackson-module-parameter-names-2.15.3.jar;E:\DevEnv\Maven_3.9.3\mvn-reg\org\springframework\boot\spring-boot-starter-tomcat\3.1.5\spring-boot-starter-tomcat-3.1.5.jar;E:\DevEnv\Maven_3.9.3\mvn-reg\org\apache\tomcat\embed\tomcat-embed-core\10.1.15\tomcat-embed-core-10.1.15.jar;E:\DevEnv\Maven_3.9.3\mvn-reg\org\apache\tomcat\embed\tomcat-embed-el\10.1.15\tomcat-embed-el-10.1.15.jar;E:\DevEnv\Maven_3.9.3\mvn-reg\org\apache\tomcat\embed\tomcat-embed-websocket\10.1.15\tomcat-embed-websocket-10.1.15.jar;E:\DevEnv\Maven_3.9.3\mvn-reg\org\springframework\spring-web\6.0.13\spring-web-6.0.13.jar;E:\DevEnv\Maven_3.9.3\mvn-reg\org\springframework\spring-beans\6.0.13\spring-beans-6.0.13.jar;E:\DevEnv\Maven_3.9.3\mvn-reg\io\micrometer\micrometer-observation\1.11.5\micrometer-observation-1.11.5.jar;E:\DevEnv\Maven_3.9.3\mvn-reg\io\micrometer\micrometer-commons\1.11.5\micrometer-commons-1.11.5.jar;E:\DevEnv\Maven_3.9.3\mvn-reg\org\springframework\spring-webmvc\6.0.13\spring-webmvc-6.0.13.jar;E:\DevEnv\Maven_3.9.3\mvn-reg\org\springframework\spring-aop\6.0.13\spring-aop-6.0.13.jar;E:\DevEnv\Maven_3.9.3\mvn-reg\org\springframework\spring-context\6.0.13\spring-context-6.0.13.jar;E:\DevEnv\Maven_3.9.3\mvn-reg\org\springframework\spring-expression\6.0.13\spring-expression-6.0.13.jar;E:\DevEnv\Maven_3.9.3\mvn-reg\org\springframework\boot\spring-boot-starter-test\3.1.5\spring-boot-starter-test-3.1.5.jar;E:\DevEnv\Maven_3.9.3\mvn-reg\org\springframework\boot\spring-boot-test\3.1.5\spring-boot-test-3.1.5.jar;E:\DevEnv\Maven_3.9.3\mvn-reg\org\springframework\boot\spring-boot-test-autoconfigure\3.1.5\spring-boot-test-autoconfigure-3.1.5.jar;E:\DevEnv\Maven_3.9.3\mvn-reg\com\jayway\jsonpath\json-path\2.8.0\json-path-2.8.0.jar;E:\DevEnv\Maven_3.9.3\mvn-reg\org\slf4j\slf4j-api\2.0.9\slf4j-api-2.0.9.jar;E:\DevEnv\Maven_3.9.3\mvn-reg\jakarta\xml\bind\jakarta.xml.bind-api\4.0.1\jakarta.xml.bind-api-4.0.1.jar;E:\DevEnv\Maven_3.9.3\mvn-reg\jakarta\activation\jakarta.activation-api\2.1.2\jakarta.activation-api-2.1.2.jar;E:\DevEnv\Maven_3.9.3\mvn-reg\net\minidev\json-smart\2.4.11\json-smart-2.4.11.jar;E:\DevEnv\Maven_3.9.3\mvn-reg\net\minidev\accessors-smart\2.4.11\accessors-smart-2.4.11.jar;E:\DevEnv\Maven_3.9.3\mvn-reg\org\ow2\asm\asm\9.3\asm-9.3.jar;E:\DevEnv\Maven_3.9.3\mvn-reg\org\assertj\assertj-core\3.24.2\assertj-core-3.24.2.jar;E:\DevEnv\Maven_3.9.3\mvn-reg\net\bytebuddy\byte-buddy\1.14.9\byte-buddy-1.14.9.jar;E:\DevEnv\Maven_3.9.3\mvn-reg\org\hamcrest\hamcrest\2.2\hamcrest-2.2.jar;E:\DevEnv\Maven_3.9.3\mvn-reg\org\junit\jupiter\junit-jupiter\5.9.3\junit-jupiter-5.9.3.jar;E:\DevEnv\Maven_3.9.3\mvn-reg\org\junit\jupiter\junit-jupiter-api\5.9.3\junit-jupiter-api-5.9.3.jar;E:\DevEnv\Maven_3.9.3\mvn-reg\org\opentest4j\opentest4j\1.2.0\opentest4j-1.2.0.jar;E:\DevEnv\Maven_3.9.3\mvn-reg\org\junit\platform\junit-platform-commons\1.9.3\junit-platform-commons-1.9.3.jar;E:\DevEnv\Maven_3.9.3\mvn-reg\org\apiguardian\apiguardian-api\1.1.2\apiguardian-api-1.1.2.jar;E:\DevEnv\Maven_3.9.3\mvn-reg\org\junit\jupiter\junit-jupiter-params\5.9.3\junit-jupiter-params-5.9.3.jar;E:\DevEnv\Maven_3.9.3\mvn-reg\org\junit\jupiter\junit-jupiter-engine\5.9.3\junit-jupiter-engine-5.9.3.jar;E:\DevEnv\Maven_3.9.3\mvn-reg\org\junit\platform\junit-platform-engine\1.9.3\junit-platform-engine-1.9.3.jar;E:\DevEnv\Maven_3.9.3\mvn-reg\org\mockito\mockito-core\5.3.1\mockito-core-5.3.1.jar;E:\DevEnv\Maven_3.9.3\mvn-reg\net\bytebuddy\byte-buddy-agent\1.14.9\byte-buddy-agent-1.14.9.jar;E:\DevEnv\Maven_3.9.3\mvn-reg\org\objenesis\objenesis\3.3\objenesis-3.3.jar;E:\DevEnv\Maven_3.9.3\mvn-reg\org\mockito\mockito-junit-jupiter\5.3.1\mockito-junit-jupiter-5.3.1.jar;E:\DevEnv\Maven_3.9.3\mvn-reg\org\skyscreamer\jsonassert\1.5.1\jsonassert-1.5.1.jar;E:\DevEnv\Maven_3.9.3\mvn-reg\com\vaadin\external\google\android-json\0.0.20131108.vaadin1\android-json-0.0.20131108.vaadin1.jar;E:\DevEnv\Maven_3.9.3\mvn-reg\org\springframework\spring-core\6.0.13\spring-core-6.0.13.jar;E:\DevEnv\Maven_3.9.3\mvn-reg\org\springframework\spring-jcl\6.0.13\spring-jcl-6.0.13.jar;E:\DevEnv\Maven_3.9.3\mvn-reg\org\springframework\spring-test\6.0.13\spring-test-6.0.13.jar;E:\DevEnv\Maven_3.9.3\mvn-reg\org\xmlunit\xmlunit-core\2.9.1\xmlunit-core-2.9.1.jar;"/>
    <property name="sun.cpu.endian" value="little"/>
    <property name="user.home" value="C:\Users\Jaylan"/>
    <property name="user.language" value="zh"/>
    <property name="java.specification.vendor" value="Oracle Corporation"/>
    <property name="java.version.date" value="2023-07-18"/>
    <property name="java.home" value="E:\DevEnv\java\jdk-17.0.8"/>
    <property name="file.separator" value="\"/>
    <property name="basedir" value="F:\MyCoding\Spring\springboot_01_quickstart"/>
    <property name="java.vm.compressedOopsMode" value="Zero based"/>
    <property name="line.separator" value="&#10;"/>
    <property name="java.vm.specification.vendor" value="Oracle Corporation"/>
    <property name="java.specification.name" value="Java Platform API Specification"/>
    <property name="FILE_LOG_CHARSET" value="GBK"/>
    <property name="java.awt.headless" value="true"/>
    <property name="surefire.real.class.path" value="C:\Users\Jaylan\AppData\Local\Temp\surefire9560747958089430044\surefirebooter-20231122171605598_3.jar"/>
    <property name="user.script" value=""/>
    <property name="sun.management.compiler" value="HotSpot 64-Bit Tiered Compilers"/>
    <property name="java.runtime.version" value="17.0.8+9-LTS-211"/>
    <property name="user.name" value="Jaylan"/>
    <property name="path.separator" value=";"/>
    <property name="os.version" value="10.0"/>
    <property name="java.runtime.name" value="Java(TM) SE Runtime Environment"/>
    <property name="file.encoding" value="GBK"/>
    <property name="java.vm.name" value="Java HotSpot(TM) 64-Bit Server VM"/>
    <property name="localRepository" value="E:\DevEnv\Maven_3.9.3\mvn-reg"/>
    <property name="java.vendor.url.bug" value="https://bugreport.java.com/bugreport/"/>
    <property name="java.io.tmpdir" value="C:\Users\Jaylan\AppData\Local\Temp\"/>
    <property name="idea.version" value="2023.2.3"/>
    <property name="java.version" value="17.0.8"/>
    <property name="user.dir" value="F:\MyCoding\Spring\springboot_01_quickstart"/>
    <property name="os.arch" value="amd64"/>
    <property name="java.vm.specification.name" value="Java Virtual Machine Specification"/>
    <property name="PID" value="1400"/>
    <property name="sun.os.patch.level" value=""/>
    <property name="CONSOLE_LOG_CHARSET" value="GBK"/>
    <property name="native.encoding" value="GBK"/>
    <property name="java.library.path" value="E:\DevEnv\java\jdk-17.0.8\bin;C:\Windows\Sun\Java\bin;C:\Windows\system32;C:\Windows;c:\Users\Jaylan\AppData\Local\Programs\cursor\resources\app\bin;E:\VMware17\bin\;C:\Windows\system32;C:\Windows;C:\Windows\System32\Wbem;C:\Windows\System32\WindowsPowerShell\v1.0\;C:\Windows\System32\OpenSSH\;D:\Tool\WinSCP\;D:\Tool\Xshell7\;D:\Tool\Xftp7\;E:\DevEnv\java\jdk-17.0.8\\bin;E:\DevEnv\java\jdk-17.0.8\\jre\bin;E:\Tool\PuTTY\;E:\DevEnv\MySQL\mysql-8.0.34\bin;E:\DevEnv\nodejs\;C:\Program Files (x86)\dotnet\;E:\DevTool\Git\cmd;E:\DevEnv\C++\mingw64\bin;E:\DevEnv\python\python3.12.0\Scripts;C:\Users\Jaylan\AppData\Local\Microsoft\WindowsApps;C:\Users\Jaylan\AppData\Local\JetBrains\Toolbox\scripts;E:\DevEnv\nodejs\node_global;C:\Users\Jaylan\AppData\Local\GitHubDesktop\bin;c:\Users\Jaylan\AppData\Local\Programs\cursor\resources\app\bin;c:\Users\Jaylan\AppData\Local\Programs\cursor\resources\app\bin;C:\Program Files\Docker\Docker\resources\bin;C:\Users\Jaylan\AppData\Local\Microsoft\WindowsApps;C:\Users\Jaylan\AppData\Local\JetBrains\Toolbox\scripts;E:\DevEnv\nodejs\node_global;C:\Users\Jaylan\AppData\Local\GitHubDesktop\bin;E:\DevTool\IDE\Microsoft VS Code\bin;C:\Users\Jaylan\AppData\Local\UGit\app-5.15.5\resources\app\git\cmd;C:\Users\Jaylan\AppData\Local\UGit\bin;."/>
    <property name="java.vm.info" value="mixed mode, sharing"/>
    <property name="java.vendor" value="Oracle Corporation"/>
    <property name="java.vm.version" value="17.0.8+9-LTS-211"/>
    <property name="sun.io.unicode.encoding" value="UnicodeLittle"/>
    <property name="maven.repo.local" value="E:\DevEnv\Maven_3.9.3\mvn-reg"/>
    <property name="java.class.version" value="61.0"/>
  </properties>
  <testcase name="contextLoads" classname="com.jaylan.Springboot01QuickstartApplicationTests" time="0.858">
    <system-out><![CDATA[17:16:06.390 [main] INFO org.springframework.test.context.support.AnnotationConfigContextLoaderUtils -- Could not detect default configuration classes for test class [com.jaylan.Springboot01QuickstartApplicationTests]: Springboot01QuickstartApplicationTests does not declare any static, non-private, non-final, nested classes annotated with @Configuration.
17:16:06.544 [main] INFO org.springframework.boot.test.context.SpringBootTestContextBootstrapper -- Found @SpringBootConfiguration com.jaylan.Springboot01QuickstartApplication for test class com.jaylan.Springboot01QuickstartApplicationTests

  .   ____          _            __ _ _
 /\\ / ___'_ __ _ _(_)_ __  __ _ \ \ \ \
( ( )\___ | '_ | '_| | '_ \/ _` | \ \ \ \
 \\/  ___)| |_)| | | | | || (_| |  ) ) ) )
  '  |____| .__|_| |_|_| |_\__, | / / / /
 =========|_|==============|___/=/_/_/_/
 :: Spring Boot ::                (v3.1.5)

2023-11-22T17:16:06.915+08:00  INFO 1400 --- [           main] j.Springboot01QuickstartApplicationTests : Starting Springboot01QuickstartApplicationTests using Java 17.0.8 with PID 1400 (started by Jaylan in F:\MyCoding\Spring\springboot_01_quickstart)
2023-11-22T17:16:06.917+08:00  INFO 1400 --- [           main] j.Springboot01QuickstartApplicationTests : No active profile set, falling back to 1 default profile: "default"
2023-11-22T17:16:08.140+08:00  INFO 1400 --- [           main] j.Springboot01QuickstartApplicationTests : Started Springboot01QuickstartApplicationTests in 1.436 seconds (process running for 2.457)
]]></system-out>
  </testcase>
</testsuite>